# JRE version: OpenJDK Runtime Environment (8.0_152-b06) (build 1.8.0_152-release-1136-b06)
# Java VM: OpenJDK 64-Bit Server VM (25.152-b06 mixed mode linux-amd64 compressed oops)
Heap:
 PSYoungGen      total 385024K, used 307333K [0x00000000e0000000, 0x00000000fa300000, 0x0000000100000000)
  eden space 369664K, 79% used [0x00000000e0000000,0x00000000f1e8f990,0x00000000f6900000)
  from space 15360K, 90% used [0x00000000f9400000,0x00000000fa191c20,0x00000000fa300000)
  to   space 29696K, 0% used [0x00000000f6900000,0x00000000f6900000,0x00000000f8600000)
 ParOldGen       total 201728K, used 45837K [0x00000000a0000000, 0x00000000ac500000, 0x00000000e0000000)
  object space 201728K, 22% used [0x00000000a0000000,0x00000000a2cc35e8,0x00000000ac500000)
 Metaspace       used 70122K, capacity 73060K, committed 73304K, reserved 1112064K
  class space    used 9233K, capacity 9955K, committed 10072K, reserved 1048576K
GC Heap History (10 events):
Event: 18.913 GC heap before
{Heap before GC invocations=9 (full 2):
 PSYoungGen      total 224768K, used 224757K [0x00000000e0000000, 0x00000000f2f80000, 0x0000000100000000)
  eden space 209920K, 100% used [0x00000000e0000000,0x00000000ecd00000,0x00000000ecd00000)
  from space 14848K, 99% used [0x00000000ee180000,0x00000000eeffd5a8,0x00000000ef000000)
  to   space 20992K, 0% used [0x00000000ecd00000,0x00000000ecd00000,0x00000000ee180000)
 ParOldGen       total 137216K, used 26165K [0x00000000a0000000, 0x00000000a8600000, 0x00000000e0000000)
  object space 137216K, 19% used [0x00000000a0000000,0x00000000a198d5a0,0x00000000a8600000)
 Metaspace       used 56955K, capacity 58722K, committed 58840K, reserved 1099776K
  class space    used 7895K, capacity 8371K, committed 8408K, reserved 1048576K
Event: 18.942 GC heap after
Heap after GC invocations=9 (full 2):
 PSYoungGen      total 230912K, used 20960K [0x00000000e0000000, 0x00000000f5f80000, 0x0000000100000000)
  eden space 209920K, 0% used [0x00000000e0000000,0x00000000e0000000,0x00000000ecd00000)
  from space 20992K, 99% used [0x00000000ecd00000,0x00000000ee178078,0x00000000ee180000)
  to   space 31232K, 0% used [0x00000000f4100000,0x00000000f4100000,0x00000000f5f80000)
 ParOldGen       total 137216K, used 39593K [0x00000000a0000000, 0x00000000a8600000, 0x00000000e0000000)
  object space 137216K, 28% used [0x00000000a0000000,0x00000000a26aa4c8,0x00000000a8600000)
 Metaspace       used 56955K, capacity 58722K, committed 58840K, reserved 1099776K
  class space    used 7895K, capacity 8371K, committed 8408K, reserved 1048576K
}
Event: 19.887 GC heap before
{Heap before GC invocations=10 (full 2):
 PSYoungGen      total 230912K, used 35225K [0x00000000e0000000, 0x00000000f5f80000, 0x0000000100000000)
  eden space 209920K, 6% used [0x00000000e0000000,0x00000000e0dee6c0,0x00000000ecd00000)
  from space 20992K, 99% used [0x00000000ecd00000,0x00000000ee178078,0x00000000ee180000)
  to   space 31232K, 0% used [0x00000000f4100000,0x00000000f4100000,0x00000000f5f80000)
 ParOldGen       total 137216K, used 39593K [0x00000000a0000000, 0x00000000a8600000, 0x00000000e0000000)
  object space 137216K, 28% used [0x00000000a0000000,0x00000000a26aa4c8,0x00000000a8600000)
 Metaspace       used 57336K, capacity 59016K, committed 59028K, reserved 1099776K
  class space    used 7937K, capacity 8404K, committed 8408K, reserved 1048576K
Event: 19.953 GC heap after
Heap after GC invocations=10 (full 2):
 PSYoungGen      total 327680K, used 21615K [0x00000000e0000000, 0x00000000f9680000, 0x0000000100000000)
  eden space 296448K, 0% used [0x00000000e0000000,0x00000000e0000000,0x00000000f2180000)
  from space 31232K, 69% used [0x00000000f4100000,0x00000000f561bd08,0x00000000f5f80000)
  to   space 32256K, 0% used [0x00000000f2180000,0x00000000f2180000,0x00000000f4100000)
 ParOldGen       total 137216K, used 39601K [0x00000000a0000000, 0x00000000a8600000, 0x00000000e0000000)
  object space 137216K, 28% used [0x00000000a0000000,0x00000000a26ac4c8,0x00000000a8600000)
 Metaspace       used 57336K, capacity 59016K, committed 59028K, reserved 1099776K
  class space    used 7937K, capacity 8404K, committed 8408K, reserved 1048576K
}
Event: 19.953 GC heap before
{Heap before GC invocations=11 (full 3):
 PSYoungGen      total 327680K, used 21615K [0x00000000e0000000, 0x00000000f9680000, 0x0000000100000000)
  eden space 296448K, 0% used [0x00000000e0000000,0x00000000e0000000,0x00000000f2180000)
  from space 31232K, 69% used [0x00000000f4100000,0x00000000f561bd08,0x00000000f5f80000)
  to   space 32256K, 0% used [0x00000000f2180000,0x00000000f2180000,0x00000000f4100000)
 ParOldGen       total 137216K, used 39601K [0x00000000a0000000, 0x00000000a8600000, 0x00000000e0000000)
  object space 137216K, 28% used [0x00000000a0000000,0x00000000a26ac4c8,0x00000000a8600000)
 Metaspace       used 57336K, capacity 59016K, committed 59028K, reserved 1099776K
  class space    used 7937K, capacity 8404K, committed 8408K, reserved 1048576K
Event: 20.249 GC heap after
Heap after GC invocations=11 (full 3):
 PSYoungGen      total 327680K, used 0K [0x00000000e0000000, 0x00000000f9680000, 0x0000000100000000)
  eden space 296448K, 0% used [0x00000000e0000000,0x00000000e0000000,0x00000000f2180000)
  from space 31232K, 0% used [0x00000000f4100000,0x00000000f4100000,0x00000000f5f80000)
  to   space 32256K, 0% used [0x00000000f2180000,0x00000000f2180000,0x00000000f4100000)
 ParOldGen       total 201728K, used 45821K [0x00000000a0000000, 0x00000000ac500000, 0x00000000e0000000)
  object space 201728K, 22% used [0x00000000a0000000,0x00000000a2cbf5e8,0x00000000ac500000)
 Metaspace       used 57336K, capacity 59016K, committed 59028K, reserved 1099776K
  class space    used 7937K, capacity 8404K, committed 8408K, reserved 1048576K
}
Event: 504.771 GC heap before
{Heap before GC invocations=12 (full 3):
 PSYoungGen      total 327680K, used 296448K [0x00000000e0000000, 0x00000000f9680000, 0x0000000100000000)
  eden space 296448K, 100% used [0x00000000e0000000,0x00000000f2180000,0x00000000f2180000)
  from space 31232K, 0% used [0x00000000f4100000,0x00000000f4100000,0x00000000f5f80000)
  to   space 32256K, 0% used [0x00000000f2180000,0x00000000f2180000,0x00000000f4100000)
 ParOldGen       total 201728K, used 45821K [0x00000000a0000000, 0x00000000ac500000, 0x00000000e0000000)
  object space 201728K, 22% used [0x00000000a0000000,0x00000000a2cbf5e8,0x00000000ac500000)
 Metaspace       used 63272K, capacity 65700K, committed 66008K, reserved 1105920K
  class space    used 8449K, capacity 9056K, committed 9176K, reserved 1048576K
Event: 504.802 GC heap after
Heap after GC invocations=12 (full 3):
 PSYoungGen      total 328704K, used 12270K [0x00000000e0000000, 0x00000000fb280000, 0x0000000100000000)
  eden space 296448K, 0% used [0x00000000e0000000,0x00000000e0000000,0x00000000f2180000)
  from space 32256K, 38% used [0x00000000f2180000,0x00000000f2d7ba48,0x00000000f4100000)
  to   space 31232K, 0% used [0x00000000f9400000,0x00000000f9400000,0x00000000fb280000)
 ParOldGen       total 201728K, used 45829K [0x00000000a0000000, 0x00000000ac500000, 0x00000000e0000000)
  object space 201728K, 22% used [0x00000000a0000000,0x00000000a2cc15e8,0x00000000ac500000)
 Metaspace       used 63272K, capacity 65700K, committed 66008K, reserved 1105920K
  class space    used 8449K, capacity 9056K, committed 9176K, reserved 1048576K
}
Event: 1331.426 GC heap before
{Heap before GC invocations=13 (full 3):
 PSYoungGen      total 328704K, used 308718K [0x00000000e0000000, 0x00000000fb280000, 0x0000000100000000)
  eden space 296448K, 100% used [0x00000000e0000000,0x00000000f2180000,0x00000000f2180000)
  from space 32256K, 38% used [0x00000000f2180000,0x00000000f2d7ba48,0x00000000f4100000)
  to   space 31232K, 0% used [0x00000000f9400000,0x00000000f9400000,0x00000000fb280000)
 ParOldGen       total 201728K, used 45829K [0x00000000a0000000, 0x00000000ac500000, 0x00000000e0000000)
  object space 201728K, 22% used [0x00000000a0000000,0x00000000a2cc15e8,0x00000000ac500000)
 Metaspace       used 68962K, capacity 71616K, committed 71768K, reserved 1112064K
  class space    used 9114K, capacity 9768K, committed 9816K, reserved 1048576K
Event: 1331.455 GC heap after
Heap after GC invocations=13 (full 3):
 PSYoungGen      total 385024K, used 13895K [0x00000000e0000000, 0x00000000fa300000, 0x0000000100000000)
  eden space 369664K, 0% used [0x00000000e0000000,0x00000000e0000000,0x00000000f6900000)
  from space 15360K, 90% used [0x00000000f9400000,0x00000000fa191c20,0x00000000fa300000)
  to   space 29696K, 0% used [0x00000000f6900000,0x00000000f6900000,0x00000000f8600000)
 ParOldGen       total 201728K, used 45837K [0x00000000a0000000, 0x00000000ac500000, 0x00000000e0000000)
  object space 201728K, 22% used [0x00000000a0000000,0x00000000a2cc35e8,0x00000000ac500000)
 Metaspace       used 68962K, capacity 71616K, committed 71768K, reserved 1112064K
  class space    used 9114K, capacity 9768K, committed 9816K, reserved 1048576K
}

